============================= test session starts ==============================
platform darwin -- Python 3.13.3, pytest-9.0.3, pluggy-1.6.0
rootdir: /Volumes/Samsam/claude-py/usi-scrapers
configfile: pyproject.toml
plugins: mock-3.15.1, requests-mock-1.12.1
['https://cdn.rp.pl/1.jpg', 'https://cdn.rp.pl/2.jpg']
collected 258 items

tests/test_api.py ..................................
tests/test_classification_signals.py ....
tests/test_developer_logo.py .....................
tests/test_developer_lookup.py ....
tests/test_fetcher.py ....
tests/test_health_check.py ........................
tests/test_id_only_naming.py ..
tests/test_import_usimaster.py ..
Image coverage: 521 total | 521 by path (100%) | 0 by filename only | 0 not found
.s.
Meta imgList coverage: 121 total | 121 by path (100% if total else 'n/a') | 0 by filename only | 0 not found
.
tests/test_legacy_adapter.py ...
tests/test_mapping.py .......
tests/test_mapping_dry_run.py .................
tests/test_mapping_oto_live.py 
Fetching live URL: https://www.otodom.pl/pl/oferta/3-pokoje-59-84-m-balkon-parkowe-zlotniki-ID4BHLS
Unified ID: 4BHLS
Unified Numeric ID: 68091740
.File: raw_oto_10541147.json                    -> ID: 67905051  , NumID: 67905051  
File: raw_oto_29-l.json                        -> ID: 67842638  , NumID: 67842638  
File: raw_oto_afi-home-zlota-83-zelazna-24-warszawa.json -> ID: 4jDHU     , NumID: 63786214  
File: raw_oto_atrium-oliva.json                -> ID: 4vYC5     , NumID: 66964841  
File: raw_oto_develia.json                     -> ID: 67890030  , NumID: 67890030  
File: raw_oto_kijowska-vita.json               -> ID: 4ARiu     , NumID: 67890030  
File: raw_oto_nowa-polnica.json                -> ID: 4pImz     , NumID: 65234079  

Mapping success rate: 7/7
.
Testing 100 random 'rp' records from local DB...
Random DB sample success rate for 'rp': 100/100

Testing 100 random 'oto' records from local DB...
Random DB sample success rate for 'oto': 78/78

Testing 100 random 'to' records from local DB...
Random DB sample success rate for 'to': 100/100
.
tests/test_scraper_otodom.py ..............................
tests/test_scraper_rp.py ...................
tests/test_scraper_to.py ...................................
tests/test_stage_detector.py ......................
tests/test_storage.py ....
tests/test_transformers.py ................
tests/test_unknown_bug_fix.py ...

=============================== warnings summary ===============================
tests/test_mapping_oto_live.py:23
  /Volumes/Samsam/claude-py/usi-scrapers/tests/test_mapping_oto_live.py:23: PytestUnknownMarkWarning: Unknown pytest.mark.live - is this a typo?  You can register custom marks to avoid this warning - for details, see https://docs.pytest.org/en/stable/how-to/mark.html
    @pytest.mark.live

-- Docs: https://docs.pytest.org/en/stable/how-to/capture-warnings.html
================== 257 passed, 1 skipped, 1 warning in 36.26s ==================
